2015-05-17 13:15:47 [ERROR] - java.lang.IllegalArgumentException: Mapped Statements collection does not contain value for com.zzx.graduate.dao.MysqlOperation.getAllExperiment
	at org.apache.ibatis.session.Configuration$StrictMap.get(Configuration.java:672)
	at org.apache.ibatis.session.Configuration.getMappedStatement(Configuration.java:507)
	at org.apache.ibatis.session.Configuration.getMappedStatement(Configuration.java:500)
	at org.apache.ibatis.binding.MapperMethod.setupCommandType(MapperMethod.java:240)
	at org.apache.ibatis.binding.MapperMethod.<init>(MapperMethod.java:71)
	at org.apache.ibatis.binding.MapperProxy.invoke(MapperProxy.java:39)
	at com.sun.proxy.$Proxy0.getAllExperiment(Unknown Source)
	at com.zzx.graduate.dao.ExperimentDAO.getAllExperiment(ExperimentDAO.java:107)
	at com.zzx.graduate.service.ExperimentService.getAllExperiment(ExperimentService.java:28)
	at test.Test.main(Test.java:15)
	at sun.reflect.NativeMethodAccessorImpl.invoke0(Native Method)
	at sun.reflect.NativeMethodAccessorImpl.invoke(NativeMethodAccessorImpl.java:62)
	at sun.reflect.DelegatingMethodAccessorImpl.invoke(DelegatingMethodAccessorImpl.java:43)
	at java.lang.reflect.Method.invoke(Method.java:483)
	at com.intellij.rt.execution.application.AppMain.main(AppMain.java:140)
 {com.zzx.graduate.dao.ExperimentDAO.getAllExperiment(ExperimentDAO.java:114)}
2015-05-17 13:19:56 [ERROR] - java.lang.IllegalArgumentException: Mapped Statements collection does not contain value for com.zzx.graduate.dao.MysqlOperation.getAllExperiment
	at org.apache.ibatis.session.Configuration$StrictMap.get(Configuration.java:672)
	at org.apache.ibatis.session.Configuration.getMappedStatement(Configuration.java:507)
	at org.apache.ibatis.session.Configuration.getMappedStatement(Configuration.java:500)
	at org.apache.ibatis.binding.MapperMethod.setupCommandType(MapperMethod.java:240)
	at org.apache.ibatis.binding.MapperMethod.<init>(MapperMethod.java:71)
	at org.apache.ibatis.binding.MapperProxy.invoke(MapperProxy.java:39)
	at com.sun.proxy.$Proxy0.getAllExperiment(Unknown Source)
	at com.zzx.graduate.dao.ExperimentDAO.getAllExperiment(ExperimentDAO.java:107)
	at com.zzx.graduate.service.ExperimentService.getAllExperiment(ExperimentService.java:28)
	at test.Test.main(Test.java:15)
	at sun.reflect.NativeMethodAccessorImpl.invoke0(Native Method)
	at sun.reflect.NativeMethodAccessorImpl.invoke(NativeMethodAccessorImpl.java:62)
	at sun.reflect.DelegatingMethodAccessorImpl.invoke(DelegatingMethodAccessorImpl.java:43)
	at java.lang.reflect.Method.invoke(Method.java:483)
	at com.intellij.rt.execution.application.AppMain.main(AppMain.java:140)
 {com.zzx.graduate.dao.ExperimentDAO.getAllExperiment(ExperimentDAO.java:114)}
2015-05-17 13:21:05 [ERROR] - java.lang.IllegalArgumentException: Mapped Statements collection does not contain value for com.zzx.graduate.dao.MysqlOperation.getAllExperiments
	at org.apache.ibatis.session.Configuration$StrictMap.get(Configuration.java:672)
	at org.apache.ibatis.session.Configuration.getMappedStatement(Configuration.java:507)
	at org.apache.ibatis.session.Configuration.getMappedStatement(Configuration.java:500)
	at org.apache.ibatis.binding.MapperMethod.setupCommandType(MapperMethod.java:240)
	at org.apache.ibatis.binding.MapperMethod.<init>(MapperMethod.java:71)
	at org.apache.ibatis.binding.MapperProxy.invoke(MapperProxy.java:39)
	at com.sun.proxy.$Proxy0.getAllExperiments(Unknown Source)
	at com.zzx.graduate.dao.ExperimentDAO.getAllExperiment(ExperimentDAO.java:107)
	at com.zzx.graduate.service.ExperimentService.getAllExperiment(ExperimentService.java:28)
	at test.Test.main(Test.java:15)
	at sun.reflect.NativeMethodAccessorImpl.invoke0(Native Method)
	at sun.reflect.NativeMethodAccessorImpl.invoke(NativeMethodAccessorImpl.java:62)
	at sun.reflect.DelegatingMethodAccessorImpl.invoke(DelegatingMethodAccessorImpl.java:43)
	at java.lang.reflect.Method.invoke(Method.java:483)
	at com.intellij.rt.execution.application.AppMain.main(AppMain.java:140)
 {com.zzx.graduate.dao.ExperimentDAO.getAllExperiment(ExperimentDAO.java:114)}
2015-05-17 13:21:34 [ERROR] - java.lang.IllegalArgumentException: Mapped Statements collection does not contain value for com.zzx.graduate.dao.MysqlOperation.getExpGroupByExpID
	at org.apache.ibatis.session.Configuration$StrictMap.get(Configuration.java:672)
	at org.apache.ibatis.session.Configuration.getMappedStatement(Configuration.java:507)
	at org.apache.ibatis.session.Configuration.getMappedStatement(Configuration.java:500)
	at org.apache.ibatis.binding.MapperMethod.setupCommandType(MapperMethod.java:240)
	at org.apache.ibatis.binding.MapperMethod.<init>(MapperMethod.java:71)
	at org.apache.ibatis.binding.MapperProxy.invoke(MapperProxy.java:39)
	at com.sun.proxy.$Proxy0.getExpGroupByExpID(Unknown Source)
	at com.zzx.graduate.dao.ExpGroupDAO.getExpGroupByExpID(ExpGroupDAO.java:55)
	at com.zzx.graduate.service.ExperimentService.getExpGroupByExpID(ExperimentService.java:40)
	at test.Test.main(Test.java:15)
	at sun.reflect.NativeMethodAccessorImpl.invoke0(Native Method)
	at sun.reflect.NativeMethodAccessorImpl.invoke(NativeMethodAccessorImpl.java:62)
	at sun.reflect.DelegatingMethodAccessorImpl.invoke(DelegatingMethodAccessorImpl.java:43)
	at java.lang.reflect.Method.invoke(Method.java:483)
	at com.intellij.rt.execution.application.AppMain.main(AppMain.java:140)
 {com.zzx.graduate.dao.ExpGroupDAO.getExpGroupByExpID(ExpGroupDAO.java:61)}
2015-05-17 13:25:48 [ERROR] - java.lang.IllegalArgumentException: Mapped Statements collection does not contain value for com.zzx.graduate.dao.MysqlOperation.getExpTaskByExpID
	at org.apache.ibatis.session.Configuration$StrictMap.get(Configuration.java:672)
	at org.apache.ibatis.session.Configuration.getMappedStatement(Configuration.java:507)
	at org.apache.ibatis.session.Configuration.getMappedStatement(Configuration.java:500)
	at org.apache.ibatis.binding.MapperMethod.setupCommandType(MapperMethod.java:240)
	at org.apache.ibatis.binding.MapperMethod.<init>(MapperMethod.java:71)
	at org.apache.ibatis.binding.MapperProxy.invoke(MapperProxy.java:39)
	at com.sun.proxy.$Proxy0.getExpTaskByExpID(Unknown Source)
	at com.zzx.graduate.dao.ExpTaskDAO.getExpTaskByExpID(ExpTaskDAO.java:55)
	at com.zzx.graduate.service.ExperimentService.getExpTaskByExpID(ExperimentService.java:36)
	at test.Test.main(Test.java:16)
	at sun.reflect.NativeMethodAccessorImpl.invoke0(Native Method)
	at sun.reflect.NativeMethodAccessorImpl.invoke(NativeMethodAccessorImpl.java:62)
	at sun.reflect.DelegatingMethodAccessorImpl.invoke(DelegatingMethodAccessorImpl.java:43)
	at java.lang.reflect.Method.invoke(Method.java:483)
	at com.intellij.rt.execution.application.AppMain.main(AppMain.java:140)
 {com.zzx.graduate.dao.ExpTaskDAO.getExpTaskByExpID(ExpTaskDAO.java:61)}
2015-05-17 13:26:17 [ERROR] - java.lang.IllegalArgumentException: Mapped Statements collection does not contain value for com.zzx.graduate.dao.MysqlOperation.getExpTaskByExpID
	at org.apache.ibatis.session.Configuration$StrictMap.get(Configuration.java:672)
	at org.apache.ibatis.session.Configuration.getMappedStatement(Configuration.java:507)
	at org.apache.ibatis.session.Configuration.getMappedStatement(Configuration.java:500)
	at org.apache.ibatis.binding.MapperMethod.setupCommandType(MapperMethod.java:240)
	at org.apache.ibatis.binding.MapperMethod.<init>(MapperMethod.java:71)
	at org.apache.ibatis.binding.MapperProxy.invoke(MapperProxy.java:39)
	at com.sun.proxy.$Proxy0.getExpTaskByExpID(Unknown Source)
	at com.zzx.graduate.dao.ExpTaskDAO.getExpTaskByExpID(ExpTaskDAO.java:55)
	at com.zzx.graduate.service.ExperimentService.getExpTaskByExpID(ExperimentService.java:36)
	at test.Test.main(Test.java:16)
	at sun.reflect.NativeMethodAccessorImpl.invoke0(Native Method)
	at sun.reflect.NativeMethodAccessorImpl.invoke(NativeMethodAccessorImpl.java:62)
	at sun.reflect.DelegatingMethodAccessorImpl.invoke(DelegatingMethodAccessorImpl.java:43)
	at java.lang.reflect.Method.invoke(Method.java:483)
	at com.intellij.rt.execution.application.AppMain.main(AppMain.java:140)
 {com.zzx.graduate.dao.ExpTaskDAO.getExpTaskByExpID(ExpTaskDAO.java:61)}
2015-05-17 13:30:05 [ERROR] - java.lang.IllegalArgumentException: Mapped Statements collection does not contain value for com.zzx.graduate.dao.MysqlOperation.getAllExperiments
	at org.apache.ibatis.session.Configuration$StrictMap.get(Configuration.java:672)
	at org.apache.ibatis.session.Configuration.getMappedStatement(Configuration.java:507)
	at org.apache.ibatis.session.Configuration.getMappedStatement(Configuration.java:500)
	at org.apache.ibatis.binding.MapperMethod.setupCommandType(MapperMethod.java:240)
	at org.apache.ibatis.binding.MapperMethod.<init>(MapperMethod.java:71)
	at org.apache.ibatis.binding.MapperProxy.invoke(MapperProxy.java:39)
	at com.sun.proxy.$Proxy0.getAllExperiments(Unknown Source)
	at com.zzx.graduate.dao.ExperimentDAO.getAllExperiment(ExperimentDAO.java:107)
	at test.Test.main(Test.java:16)
	at sun.reflect.NativeMethodAccessorImpl.invoke0(Native Method)
	at sun.reflect.NativeMethodAccessorImpl.invoke(NativeMethodAccessorImpl.java:62)
	at sun.reflect.DelegatingMethodAccessorImpl.invoke(DelegatingMethodAccessorImpl.java:43)
	at java.lang.reflect.Method.invoke(Method.java:483)
	at com.intellij.rt.execution.application.AppMain.main(AppMain.java:140)
 {com.zzx.graduate.dao.ExperimentDAO.getAllExperiment(ExperimentDAO.java:114)}
2015-05-17 13:30:25 [ERROR] - java.lang.IllegalArgumentException: Mapped Statements collection does not contain value for com.zzx.graduate.dao.MysqlOperation.getExpGroupByID
	at org.apache.ibatis.session.Configuration$StrictMap.get(Configuration.java:672)
	at org.apache.ibatis.session.Configuration.getMappedStatement(Configuration.java:507)
	at org.apache.ibatis.session.Configuration.getMappedStatement(Configuration.java:500)
	at org.apache.ibatis.binding.MapperMethod.setupCommandType(MapperMethod.java:240)
	at org.apache.ibatis.binding.MapperMethod.<init>(MapperMethod.java:71)
	at org.apache.ibatis.binding.MapperProxy.invoke(MapperProxy.java:39)
	at com.sun.proxy.$Proxy0.getExpGroupByID(Unknown Source)
	at com.zzx.graduate.dao.ExpGroupDAO.getExpGroupByID(ExpGroupDAO.java:42)
	at test.Test.main(Test.java:17)
	at sun.reflect.NativeMethodAccessorImpl.invoke0(Native Method)
	at sun.reflect.NativeMethodAccessorImpl.invoke(NativeMethodAccessorImpl.java:62)
	at sun.reflect.DelegatingMethodAccessorImpl.invoke(DelegatingMethodAccessorImpl.java:43)
	at java.lang.reflect.Method.invoke(Method.java:483)
	at com.intellij.rt.execution.application.AppMain.main(AppMain.java:140)
 {com.zzx.graduate.dao.ExpGroupDAO.getExpGroupByID(ExpGroupDAO.java:48)}
2015-05-17 13:30:43 [ERROR] - java.lang.IllegalArgumentException: Mapped Statements collection does not contain value for com.zzx.graduate.dao.MysqlOperation.getStudentByClassID
	at org.apache.ibatis.session.Configuration$StrictMap.get(Configuration.java:672)
	at org.apache.ibatis.session.Configuration.getMappedStatement(Configuration.java:507)
	at org.apache.ibatis.session.Configuration.getMappedStatement(Configuration.java:500)
	at org.apache.ibatis.binding.MapperMethod.setupCommandType(MapperMethod.java:240)
	at org.apache.ibatis.binding.MapperMethod.<init>(MapperMethod.java:71)
	at org.apache.ibatis.binding.MapperProxy.invoke(MapperProxy.java:39)
	at com.sun.proxy.$Proxy0.getStudentByClassID(Unknown Source)
	at com.zzx.graduate.dao.StudentDAO.getStudentByClassID(StudentDAO.java:55)
	at test.Test.main(Test.java:18)
	at sun.reflect.NativeMethodAccessorImpl.invoke0(Native Method)
	at sun.reflect.NativeMethodAccessorImpl.invoke(NativeMethodAccessorImpl.java:62)
	at sun.reflect.DelegatingMethodAccessorImpl.invoke(DelegatingMethodAccessorImpl.java:43)
	at java.lang.reflect.Method.invoke(Method.java:483)
	at com.intellij.rt.execution.application.AppMain.main(AppMain.java:140)
 {com.zzx.graduate.dao.StudentDAO.getStudentByClassID(StudentDAO.java:61)}
2015-05-17 13:35:51 [ERROR] - org.apache.ibatis.binding.BindingException: Type interface com.zzx.graduate.dao.MysqlOperation is already known to the MapperRegistry.
	at org.apache.ibatis.binding.MapperRegistry.addMapper(MapperRegistry.java:51)
	at org.apache.ibatis.session.Configuration.addMapper(Configuration.java:532)
	at com.zzx.graduate.dao.StudentDAO.<clinit>(StudentDAO.java:30)
	at test.Test.main(Test.java:18)
	at sun.reflect.NativeMethodAccessorImpl.invoke0(Native Method)
	at sun.reflect.NativeMethodAccessorImpl.invoke(NativeMethodAccessorImpl.java:62)
	at sun.reflect.DelegatingMethodAccessorImpl.invoke(DelegatingMethodAccessorImpl.java:43)
	at java.lang.reflect.Method.invoke(Method.java:483)
	at com.intellij.rt.execution.application.AppMain.main(AppMain.java:140)
 {com.zzx.graduate.dao.StudentDAO.<clinit>(StudentDAO.java:36)}
2015-05-17 13:35:51 [ERROR] - java.lang.NullPointerException
	at com.zzx.graduate.dao.StudentDAO.getStudentByClassID(StudentDAO.java:55)
	at test.Test.main(Test.java:18)
	at sun.reflect.NativeMethodAccessorImpl.invoke0(Native Method)
	at sun.reflect.NativeMethodAccessorImpl.invoke(NativeMethodAccessorImpl.java:62)
	at sun.reflect.DelegatingMethodAccessorImpl.invoke(DelegatingMethodAccessorImpl.java:43)
	at java.lang.reflect.Method.invoke(Method.java:483)
	at com.intellij.rt.execution.application.AppMain.main(AppMain.java:140)
 {com.zzx.graduate.dao.StudentDAO.getStudentByClassID(StudentDAO.java:61)}
2015-05-17 13:36:39 [ERROR] - org.apache.ibatis.binding.BindingException: Type interface com.zzx.graduate.dao.MysqlOperation is already known to the MapperRegistry.
	at org.apache.ibatis.binding.MapperRegistry.addMapper(MapperRegistry.java:51)
	at org.apache.ibatis.session.Configuration.addMapper(Configuration.java:532)
	at com.zzx.graduate.dao.StudentDAO.<clinit>(StudentDAO.java:30)
	at test.Test.main(Test.java:18)
	at sun.reflect.NativeMethodAccessorImpl.invoke0(Native Method)
	at sun.reflect.NativeMethodAccessorImpl.invoke(NativeMethodAccessorImpl.java:62)
	at sun.reflect.DelegatingMethodAccessorImpl.invoke(DelegatingMethodAccessorImpl.java:43)
	at java.lang.reflect.Method.invoke(Method.java:483)
	at com.intellij.rt.execution.application.AppMain.main(AppMain.java:140)
 {com.zzx.graduate.dao.StudentDAO.<clinit>(StudentDAO.java:36)}
2015-05-17 13:36:39 [ERROR] - java.lang.NullPointerException
	at com.zzx.graduate.dao.StudentDAO.getStudentByClassID(StudentDAO.java:55)
	at test.Test.main(Test.java:18)
	at sun.reflect.NativeMethodAccessorImpl.invoke0(Native Method)
	at sun.reflect.NativeMethodAccessorImpl.invoke(NativeMethodAccessorImpl.java:62)
	at sun.reflect.DelegatingMethodAccessorImpl.invoke(DelegatingMethodAccessorImpl.java:43)
	at java.lang.reflect.Method.invoke(Method.java:483)
	at com.intellij.rt.execution.application.AppMain.main(AppMain.java:140)
 {com.zzx.graduate.dao.StudentDAO.getStudentByClassID(StudentDAO.java:61)}
2015-05-17 13:40:53 [ERROR] - org.apache.ibatis.binding.BindingException: Type interface com.zzx.graduate.dao.MysqlOperation is already known to the MapperRegistry.
	at org.apache.ibatis.binding.MapperRegistry.addMapper(MapperRegistry.java:51)
	at org.apache.ibatis.session.Configuration.addMapper(Configuration.java:532)
	at com.zzx.graduate.dao.StudentDAO.<clinit>(StudentDAO.java:30)
	at test.Test.main(Test.java:18)
	at sun.reflect.NativeMethodAccessorImpl.invoke0(Native Method)
	at sun.reflect.NativeMethodAccessorImpl.invoke(NativeMethodAccessorImpl.java:62)
	at sun.reflect.DelegatingMethodAccessorImpl.invoke(DelegatingMethodAccessorImpl.java:43)
	at java.lang.reflect.Method.invoke(Method.java:483)
	at com.intellij.rt.execution.application.AppMain.main(AppMain.java:140)
 {com.zzx.graduate.dao.StudentDAO.<clinit>(StudentDAO.java:36)}
2015-05-17 13:40:53 [ERROR] - java.lang.NullPointerException
	at com.zzx.graduate.dao.StudentDAO.getStudentByClassID(StudentDAO.java:55)
	at test.Test.main(Test.java:18)
	at sun.reflect.NativeMethodAccessorImpl.invoke0(Native Method)
	at sun.reflect.NativeMethodAccessorImpl.invoke(NativeMethodAccessorImpl.java:62)
	at sun.reflect.DelegatingMethodAccessorImpl.invoke(DelegatingMethodAccessorImpl.java:43)
	at java.lang.reflect.Method.invoke(Method.java:483)
	at com.intellij.rt.execution.application.AppMain.main(AppMain.java:140)
 {com.zzx.graduate.dao.StudentDAO.getStudentByClassID(StudentDAO.java:61)}
2015-05-17 13:41:53 [ERROR] - org.apache.ibatis.binding.BindingException: Type interface com.zzx.graduate.dao.MysqlOperation is already known to the MapperRegistry.
	at org.apache.ibatis.binding.MapperRegistry.addMapper(MapperRegistry.java:51)
	at org.apache.ibatis.session.Configuration.addMapper(Configuration.java:532)
	at com.zzx.graduate.dao.StudentDAO.<clinit>(StudentDAO.java:30)
	at test.Test.main(Test.java:11)
	at sun.reflect.NativeMethodAccessorImpl.invoke0(Native Method)
	at sun.reflect.NativeMethodAccessorImpl.invoke(NativeMethodAccessorImpl.java:62)
	at sun.reflect.DelegatingMethodAccessorImpl.invoke(DelegatingMethodAccessorImpl.java:43)
	at java.lang.reflect.Method.invoke(Method.java:483)
	at com.intellij.rt.execution.application.AppMain.main(AppMain.java:140)
 {com.zzx.graduate.dao.StudentDAO.<clinit>(StudentDAO.java:36)}
2015-05-17 13:41:53 [ERROR] - java.lang.NullPointerException
	at com.zzx.graduate.dao.StudentDAO.getStudentByClassID(StudentDAO.java:55)
	at test.Test.main(Test.java:11)
	at sun.reflect.NativeMethodAccessorImpl.invoke0(Native Method)
	at sun.reflect.NativeMethodAccessorImpl.invoke(NativeMethodAccessorImpl.java:62)
	at sun.reflect.DelegatingMethodAccessorImpl.invoke(DelegatingMethodAccessorImpl.java:43)
	at java.lang.reflect.Method.invoke(Method.java:483)
	at com.intellij.rt.execution.application.AppMain.main(AppMain.java:140)
 {com.zzx.graduate.dao.StudentDAO.getStudentByClassID(StudentDAO.java:61)}
